[     369ms] [INFO] %cDownload the React DevTools for a better development experience: https://react.dev/link/react-devtools font-weight:bold @ http://localhost:3000/_next/static/chunks/node_modules_next_dist_1ybzpk2._.js:2477
[     400ms] [LOG] [HMR] connected @ http://localhost:3000/_next/static/chunks/node_modules_next_dist_1ybzpk2._.js:2477
[   14097ms] [ERROR] Failed to load resource: the server responded with a status of 429 () @ https://knkgfdeygcecwkcjzthg.supabase.co/auth/v1/otp?redirect_to=http%3A%2F%2Flocalhost%3A3000%2Fdashboard:0
[  395780ms] [LOG] [Fast Refresh] rebuilding @ http://localhost:3000/_next/static/chunks/node_modules_next_dist_1ybzpk2._.js:2477
[  395827ms] [LOG] [Fast Refresh] done in 148ms @ http://localhost:3000/_next/static/chunks/node_modules_next_dist_1ybzpk2._.js:2477
[  396385ms] [LOG] [Fast Refresh] rebuilding @ http://localhost:3000/_next/static/chunks/node_modules_next_dist_1ybzpk2._.js:2477
[  396410ms] [LOG] [Fast Refresh] done in 128ms @ http://localhost:3000/_next/static/chunks/node_modules_next_dist_1ybzpk2._.js:2477
[  444092ms] [ERROR] WebSocket connection to 'ws://localhost:3000/_next/webpack-hmr?id=0cRAeEA4uYj-jep5ig30w' failed:  @ http://localhost:3000/_next/static/chunks/node_modules_next_dist_client_0r5nbpw._.js:13422
[  445126ms] [ERROR] WebSocket connection to 'ws://localhost:3000/_next/webpack-hmr?id=0cRAeEA4uYj-jep5ig30w' failed: Error in connection establishment: net::ERR_CONNECTION_REFUSED @ http://localhost:3000/_next/static/chunks/node_modules_next_dist_client_0r5nbpw._.js:13422
[  446133ms] [ERROR] WebSocket connection to 'ws://localhost:3000/_next/webpack-hmr?id=0cRAeEA4uYj-jep5ig30w' failed: Error in connection establishment: net::ERR_CONNECTION_REFUSED @ http://localhost:3000/_next/static/chunks/node_modules_next_dist_client_0r5nbpw._.js:13422
[  447140ms] [ERROR] WebSocket connection to 'ws://localhost:3000/_next/webpack-hmr?id=0cRAeEA4uYj-jep5ig30w' failed: Error in connection establishment: net::ERR_CONNECTION_REFUSED @ http://localhost:3000/_next/static/chunks/node_modules_next_dist_client_0r5nbpw._.js:13422
[  448145ms] [ERROR] WebSocket connection to 'ws://localhost:3000/_next/webpack-hmr?id=0cRAeEA4uYj-jep5ig30w' failed: Error in connection establishment: net::ERR_CONNECTION_REFUSED @ http://localhost:3000/_next/static/chunks/node_modules_next_dist_client_0r5nbpw._.js:13422
[  449154ms] [ERROR] WebSocket connection to 'ws://localhost:3000/_next/webpack-hmr?id=0cRAeEA4uYj-jep5ig30w' failed: Error in connection establishment: net::ERR_CONNECTION_REFUSED @ http://localhost:3000/_next/static/chunks/node_modules_next_dist_client_0r5nbpw._.js:13422
[  454165ms] [ERROR] WebSocket connection to 'ws://localhost:3000/_next/webpack-hmr?id=0cRAeEA4uYj-jep5ig30w' failed: Error in connection establishment: net::ERR_CONNECTION_REFUSED @ http://localhost:3000/_next/static/chunks/node_modules_next_dist_client_0r5nbpw._.js:13422
[  459186ms] [ERROR] WebSocket connection to 'ws://localhost:3000/_next/webpack-hmr?id=0cRAeEA4uYj-jep5ig30w' failed: Error in connection establishment: net::ERR_CONNECTION_REFUSED @ http://localhost:3000/_next/static/chunks/node_modules_next_dist_client_0r5nbpw._.js:13422
[  464213ms] [ERROR] WebSocket connection to 'ws://localhost:3000/_next/webpack-hmr?id=0cRAeEA4uYj-jep5ig30w' failed: Error in connection establishment: net::ERR_CONNECTION_REFUSED @ http://localhost:3000/_next/static/chunks/node_modules_next_dist_client_0r5nbpw._.js:13422
[  469248ms] [ERROR] WebSocket connection to 'ws://localhost:3000/_next/webpack-hmr?id=0cRAeEA4uYj-jep5ig30w' failed: Error in connection establishment: net::ERR_CONNECTION_REFUSED @ http://localhost:3000/_next/static/chunks/node_modules_next_dist_client_0r5nbpw._.js:13422
[  474293ms] [ERROR] WebSocket connection to 'ws://localhost:3000/_next/webpack-hmr?id=0cRAeEA4uYj-jep5ig30w' failed: Error in connection establishment: net::ERR_CONNECTION_REFUSED @ http://localhost:3000/_next/static/chunks/node_modules_next_dist_client_0r5nbpw._.js:13422
[  479360ms] [ERROR] WebSocket connection to 'ws://localhost:3000/_next/webpack-hmr?id=0cRAeEA4uYj-jep5ig30w' failed: Error in connection establishment: net::ERR_CONNECTION_REFUSED @ http://localhost:3000/_next/static/chunks/node_modules_next_dist_client_0r5nbpw._.js:13422
[  484585ms] [ERROR] WebSocket connection to 'ws://localhost:3000/_next/webpack-hmr?id=0cRAeEA4uYj-jep5ig30w' failed: Error in connection establishment: net::ERR_CONNECTION_REFUSED @ http://localhost:3000/_next/static/chunks/node_modules_next_dist_client_0r5nbpw._.js:13422
